TN:
SF:src/App.tsx
FN:32,Layout
FN:52,Home
FN:70,fetchPlatforms
FN:85,fetchGames
FN:115,viewGame
FN:137,onChange
FN:145,onClick
FN:153,onClick
FN:194,onClick
FN:211,onClick
FN:223,onClick
FN:248,App
FNF:12
FNH:9
FNDA:8,Layout
FNDA:36,Home
FNDA:8,fetchPlatforms
FNDA:12,fetchGames
FNDA:0,viewGame
FNDA:2,onChange
FNDA:1,onClick
FNDA:1,onClick
FNDA:0,onClick
FNDA:0,onClick
FNDA:1,onClick
FNDA:8,App
DA:1,1
DA:2,1
DA:3,1
DA:4,1
DA:5,1
DA:6,1
DA:7,1
DA:8,1
DA:9,1
DA:10,1
DA:11,1
DA:12,1
DA:13,1
DA:14,1
DA:15,1
DA:16,1
DA:17,1
DA:18,1
DA:19,1
DA:20,1
DA:21,1
DA:22,1
DA:23,1
DA:24,1
DA:25,1
DA:26,1
DA:27,1
DA:28,1
DA:29,1
DA:30,1
DA:31,1
DA:32,8
DA:33,8
DA:34,8
DA:35,8
DA:36,8
DA:37,8
DA:38,8
DA:39,8
DA:40,8
DA:41,8
DA:42,8
DA:43,8
DA:44,8
DA:45,8
DA:46,8
DA:47,8
DA:48,8
DA:49,1
DA:50,1
DA:51,1
DA:52,36
DA:53,36
DA:54,36
DA:55,36
DA:56,36
DA:57,36
DA:58,36
DA:59,36
DA:60,36
DA:61,36
DA:62,36
DA:63,36
DA:64,36
DA:65,36
DA:66,36
DA:67,36
DA:68,36
DA:69,36
DA:70,8
DA:71,8
DA:72,8
DA:73,8
DA:74,8
DA:75,0
DA:76,0
DA:77,8
DA:78,8
DA:79,8
DA:80,36
DA:81,36
DA:82,36
DA:83,36
DA:84,36
DA:85,12
DA:86,12
DA:87,12
DA:88,12
DA:89,12
DA:90,12
DA:91,12
DA:92,2
DA:93,12
DA:94,10
DA:95,10
DA:96,12
DA:97,12
DA:98,12
DA:99,12
DA:100,12
DA:101,12
DA:102,12
DA:103,0
DA:104,12
DA:105,12
DA:106,12
DA:107,12
DA:108,12
DA:109,12
DA:110,12
DA:111,36
DA:112,36
DA:113,36
DA:114,36
DA:115,36
DA:116,0
DA:117,0
DA:118,36
DA:119,36
DA:120,36
DA:121,36
DA:122,36
DA:123,36
DA:124,36
DA:125,36
DA:126,36
DA:127,36
DA:128,36
DA:129,36
DA:130,36
DA:131,36
DA:132,36
DA:133,36
DA:134,36
DA:135,36
DA:136,36
DA:137,36
DA:138,2
DA:139,2
DA:140,2
DA:141,36
DA:142,36
DA:143,36
DA:144,36
DA:145,36
DA:146,36
DA:147,36
DA:148,36
DA:149,36
DA:150,36
DA:151,7
DA:152,7
DA:153,7
DA:154,1
DA:155,1
DA:156,1
DA:157,7
DA:158,7
DA:159,7
DA:160,36
DA:161,36
DA:162,36
DA:163,36
DA:164,36
DA:165,36
DA:166,36
DA:167,14
DA:168,14
DA:169,14
DA:170,14
DA:171,36
DA:172,36
DA:173,36
DA:174,36
DA:175,36
DA:176,13
DA:177,13
DA:178,13
DA:179,13
DA:180,13
DA:181,13
DA:182,13
DA:183,13
DA:184,13
DA:185,13
DA:186,13
DA:187,13
DA:188,26
DA:189,26
DA:190,26
DA:191,26
DA:192,26
DA:193,26
DA:194,26
DA:195,26
DA:196,26
DA:197,26
DA:198,26
DA:199,26
DA:200,13
DA:201,13
DA:202,13
DA:203,13
DA:204,13
DA:205,13
DA:206,13
DA:207,13
DA:208,13
DA:209,13
DA:210,13
DA:211,13
DA:212,13
DA:213,13
DA:214,13
DA:215,13
DA:216,13
DA:217,13
DA:218,13
DA:219,13
DA:220,13
DA:221,13
DA:222,13
DA:223,13
DA:224,13
DA:225,13
DA:226,13
DA:227,13
DA:228,13
DA:229,13
DA:230,13
DA:231,13
DA:232,36
DA:233,36
DA:234,36
DA:235,36
DA:236,36
DA:237,9
DA:238,9
DA:239,9
DA:240,36
DA:241,36
DA:242,36
DA:243,36
DA:244,36
DA:245,1
DA:246,1
DA:247,1
DA:248,8
DA:249,8
DA:250,8
DA:251,8
DA:252,8
DA:253,8
DA:254,8
DA:255,8
DA:256,8
DA:257,8
DA:258,8
DA:259,8
DA:260,8
DA:261,8
DA:262,8
DA:263,8
DA:264,8
DA:265,8
DA:266,8
DA:267,8
DA:268,8
DA:269,8
DA:270,1
DA:271,1
LF:271
LH:266
BRDA:32,0,0,8
BRDA:52,1,0,36
BRDA:150,2,0,7
BRDA:166,3,0,14
BRDA:175,4,0,22
BRDA:175,5,0,13
BRDA:236,6,0,22
BRDA:236,7,0,9
BRDA:69,8,0,8
BRDA:70,9,0,8
BRDA:74,10,0,0
BRDA:84,11,0,12
BRDA:85,12,0,12
BRDA:91,13,0,2
BRDA:93,14,0,10
BRDA:97,15,0,0
BRDA:99,16,0,0
BRDA:102,17,0,0
BRDA:137,18,0,2
BRDA:145,19,0,1
BRDA:153,20,0,1
BRDA:187,21,0,26
BRDA:223,22,0,1
BRDA:223,23,0,1
BRDA:248,24,0,8
BRF:25
BRH:21
end_of_record
TN:
SF:src/main.tsx
FN:1,(empty-report)
FNF:1
FNH:0
FNDA:0,(empty-report)
DA:1,0
DA:2,0
DA:3,0
DA:4,0
DA:5,0
DA:6,0
DA:7,0
DA:8,0
DA:9,0
DA:10,0
LF:10
LH:0
BRDA:1,0,0,0
BRF:1
BRH:0
end_of_record
TN:
SF:src/components/GameDetail.tsx
FN:25,GameDetail
FN:34,fetchGame
FN:50,getSpotifyEmbedUrl
FN:56,renderVideo
FN:155,onClick
FNF:5
FNH:4
FNDA:13,GameDetail
FNDA:7,fetchGame
FNDA:5,getSpotifyEmbedUrl
FNDA:30,renderVideo
FNDA:0,onClick
DA:1,1
DA:2,1
DA:3,1
DA:4,1
DA:5,1
DA:6,1
DA:7,1
DA:8,1
DA:9,1
DA:10,1
DA:11,1
DA:12,1
DA:13,1
DA:14,1
DA:15,1
DA:16,1
DA:17,1
DA:18,1
DA:19,1
DA:20,1
DA:21,1
DA:22,1
DA:23,1
DA:24,1
DA:25,13
DA:26,13
DA:27,13
DA:28,13
DA:29,13
DA:30,13
DA:31,13
DA:32,13
DA:33,7
DA:34,7
DA:35,7
DA:36,7
DA:37,7
DA:38,7
DA:39,0
DA:40,7
DA:41,7
DA:42,7
DA:43,7
DA:44,7
DA:45,7
DA:46,7
DA:47,13
DA:48,13
DA:49,13
DA:50,13
DA:51,5
DA:52,5
DA:53,5
DA:54,13
DA:55,13
DA:56,13
DA:57,30
DA:58,10
DA:59,10
DA:60,10
DA:61,10
DA:62,10
DA:63,10
DA:64,10
DA:65,10
DA:66,10
DA:67,10
DA:68,10
DA:69,30
DA:70,30
DA:71,13
DA:72,13
DA:73,7
DA:74,7
DA:75,7
DA:76,7
DA:77,7
DA:78,7
DA:79,7
DA:80,6
DA:81,13
DA:82,5
DA:83,5
DA:84,5
DA:85,5
DA:86,5
DA:87,5
DA:88,5
DA:89,5
DA:90,5
DA:91,5
DA:92,5
DA:93,5
DA:94,13
DA:95,13
DA:96,13
DA:97,13
DA:98,13
DA:99,13
DA:100,13
DA:101,13
DA:102,13
DA:103,13
DA:104,13
DA:105,13
DA:106,13
DA:107,13
DA:108,13
DA:109,13
DA:110,13
DA:111,13
DA:112,13
DA:113,13
DA:114,13
DA:115,13
DA:116,13
DA:117,13
DA:118,13
DA:119,13
DA:120,13
DA:121,13
DA:122,13
DA:123,13
DA:124,13
DA:125,13
DA:126,13
DA:127,13
DA:128,13
DA:129,13
DA:130,13
DA:131,13
DA:132,13
DA:133,13
DA:134,13
DA:135,13
DA:136,13
DA:137,13
DA:138,13
DA:139,13
DA:140,13
DA:141,5
DA:142,5
DA:143,5
DA:144,5
DA:145,5
DA:146,5
DA:147,5
DA:148,5
DA:149,5
DA:150,5
DA:151,13
DA:152,13
DA:153,13
DA:154,13
DA:155,13
DA:156,13
DA:157,13
DA:158,13
DA:159,13
DA:160,13
DA:161,13
DA:162,13
DA:163,13
DA:164,1
DA:165,1
LF:165
LH:164
BRDA:25,0,0,13
BRDA:72,1,0,7
BRDA:79,2,0,6
BRDA:81,3,0,1
BRDA:81,4,0,5
BRDA:140,5,0,5
BRDA:32,6,0,7
BRDA:34,7,0,7
BRDA:38,8,0,0
BRDA:50,9,0,5
BRDA:51,10,0,0
BRDA:56,11,0,30
BRDA:57,12,0,20
BRDA:57,13,0,10
BRF:14
BRH:12
end_of_record
TN:
SF:src/components/HamburgerMenu.tsx
FN:6,HamburgerMenu
FN:13,fetchPlatforms
FN:40,onClick
FN:55,onClick
FN:97,onClick
FNF:5
FNH:4
FNDA:25,HamburgerMenu
FNDA:12,fetchPlatforms
FNDA:3,onClick
FNDA:1,onClick
FNDA:0,onClick
DA:1,1
DA:2,1
DA:3,1
DA:4,1
DA:5,1
DA:6,1
DA:7,25
DA:8,25
DA:9,25
DA:10,25
DA:11,25
DA:12,12
DA:13,12
DA:14,12
DA:15,12
DA:16,12
DA:17,12
DA:18,12
DA:19,12
DA:20,12
DA:21,12
DA:22,12
DA:23,0
DA:24,0
DA:25,0
DA:26,12
DA:27,12
DA:28,0
DA:29,0
DA:30,12
DA:31,12
DA:32,12
DA:33,12
DA:34,25
DA:35,25
DA:36,25
DA:37,25
DA:38,25
DA:39,25
DA:40,25
DA:41,25
DA:42,25
DA:43,25
DA:44,25
DA:45,25
DA:46,25
DA:47,25
DA:48,25
DA:49,25
DA:50,25
DA:51,25
DA:52,25
DA:53,25
DA:54,5
DA:55,5
DA:56,5
DA:57,5
DA:58,5
DA:59,5
DA:60,5
DA:61,5
DA:62,5
DA:63,5
DA:64,5
DA:65,5
DA:66,25
DA:67,25
DA:68,25
DA:69,25
DA:70,25
DA:71,25
DA:72,25
DA:73,25
DA:74,25
DA:75,25
DA:76,25
DA:77,25
DA:78,25
DA:79,25
DA:80,25
DA:81,25
DA:82,25
DA:83,25
DA:84,25
DA:85,25
DA:86,25
DA:87,25
DA:88,25
DA:89,25
DA:90,15
DA:91,25
DA:92,25
DA:93,25
DA:94,20
DA:95,20
DA:96,20
DA:97,20
DA:98,20
DA:99,20
DA:100,20
DA:101,20
DA:102,20
DA:103,20
DA:104,20
DA:105,20
DA:106,20
DA:107,25
DA:108,25
DA:109,25
DA:110,25
DA:111,25
DA:112,25
DA:113,25
DA:114,25
DA:115,1
DA:116,1
LF:116
LH:111
BRDA:6,0,0,25
BRDA:53,1,0,5
BRDA:73,2,0,5
BRDA:73,3,0,20
BRDA:89,4,0,15
BRDA:11,5,0,12
BRDA:13,6,0,12
BRDA:22,7,0,0
BRDA:27,8,0,0
BRDA:40,9,0,3
BRDA:55,10,0,1
BRDA:93,11,0,20
BRF:12
BRH:10
end_of_record
TN:
SF:src/config/environment.ts
FNF:0
FNH:0
DA:1,1
DA:2,1
DA:3,1
LF:3
LH:3
BRF:0
BRH:0
end_of_record
TN:
SF:src/services/gameService.ts
FN:41,getGames
FN:55,searchGames
FN:69,getGameById
FNF:3
FNH:3
FNDA:1,getGames
FNDA:1,searchGames
FNDA:1,getGameById
DA:1,1
DA:2,1
DA:3,1
DA:4,1
DA:5,1
DA:6,1
DA:7,1
DA:8,1
DA:9,1
DA:10,1
DA:11,1
DA:12,1
DA:13,1
DA:14,1
DA:15,1
DA:16,1
DA:17,1
DA:18,1
DA:19,1
DA:20,1
DA:21,1
DA:22,1
DA:23,1
DA:24,1
DA:25,1
DA:26,1
DA:27,1
DA:28,1
DA:29,1
DA:30,1
DA:31,1
DA:32,1
DA:33,1
DA:34,1
DA:35,1
DA:36,1
DA:37,1
DA:38,1
DA:39,1
DA:40,1
DA:41,1
DA:42,1
DA:43,1
DA:44,1
DA:45,1
DA:46,1
DA:47,1
DA:48,1
DA:49,1
DA:50,1
DA:51,1
DA:52,1
DA:53,1
DA:54,1
DA:55,1
DA:56,1
DA:57,1
DA:58,1
DA:59,1
DA:60,1
DA:61,1
DA:62,1
DA:63,1
DA:64,1
DA:65,1
DA:66,1
DA:67,1
DA:68,1
DA:69,1
DA:70,1
DA:71,1
DA:72,1
DA:73,1
DA:74,1
LF:74
LH:74
BRDA:41,0,0,1
BRDA:55,1,0,1
BRDA:69,2,0,1
BRF:3
BRH:3
end_of_record
TN:
SF:src/services/http.ts
FNF:0
FNH:0
DA:1,1
DA:2,1
DA:3,1
DA:4,1
DA:5,1
DA:6,1
DA:7,1
DA:8,1
DA:9,1
LF:9
LH:9
BRF:0
BRH:0
end_of_record
TN:
SF:src/services/platformService.ts
FN:9,getPlatforms
FNF:1
FNH:1
FNDA:1,getPlatforms
DA:1,1
DA:2,1
DA:3,1
DA:4,1
DA:5,1
DA:6,1
DA:7,1
DA:8,1
DA:9,1
DA:10,1
DA:11,1
DA:12,1
DA:13,1
LF:13
LH:13
BRDA:9,0,0,1
BRF:1
BRH:1
end_of_record
